<?xml version="1.0" encoding="UTF-8"?>
<!-- Generated by org.testng.reporters.JUnitReportReporter -->
<testsuite hostname="MSI" failures="0" tests="14" name="com.TestNGdemo.b.B" time="47.778" errors="0" timestamp="2022-10-08T18:49:05 IST" skipped="0">
  <testcase classname="com.TestNGdemo.b.B" name="m4" time="5.301"/>
  <system-out/>
  <testcase classname="com.TestNGdemo.b.B" name="m6" time="1.115"/>
  <system-out/>
  <testcase classname="com.TestNGdemo.b.B" name="m2" time="6.783"/>
  <system-out/>
  <testcase classname="com.TestNGdemo.b.B" name="m1" time="1.429"/>
  <system-out/>
  <testcase classname="com.TestNGdemo.b.B" name="m3" time="1.450"/>
  <system-out/>
  <testcase classname="com.TestNGdemo.b.B" name="m1" time="5.342"/>
  <system-out/>
  <testcase classname="com.TestNGdemo.b.B" name="m2" time="0.879"/>
  <system-out/>
  <testcase classname="com.TestNGdemo.b.B" name="m7" time="1.556"/>
  <system-out/>
  <testcase classname="com.TestNGdemo.b.B" name="m6" time="5.727"/>
  <system-out/>
  <testcase classname="com.TestNGdemo.b.B" name="m3" time="4.170"/>
  <system-out/>
  <testcase classname="com.TestNGdemo.b.B" name="m5" time="7.220"/>
  <system-out/>
  <testcase classname="com.TestNGdemo.b.B" name="m5" time="1.138"/>
  <system-out/>
  <testcase classname="com.TestNGdemo.b.B" name="m4" time="1.226"/>
  <system-out/>
  <testcase classname="com.TestNGdemo.b.B" name="m7" time="4.442"/>
  <system-out/>
</testsuite> <!-- com.TestNGdemo.b.B -->
