<?xml version="1.0" encoding="UTF-8"?>
<!-- Generated by org.testng.reporters.JUnitReportReporter -->
<testsuite hostname="MSI" failures="0" tests="6" name="com.TestNGdemo.dependsOnMethods" time="0.026" errors="0" timestamp="2022-10-06T18:59:27 IST" skipped="0">
  <testcase classname="com.TestNGdemo.dependsOnMethods" name="m6" time="0.001"/>
  <system-out/>
  <testcase classname="com.TestNGdemo.dependsOnMethods" name="m4" time="0.017"/>
  <system-out/>
  <testcase classname="com.TestNGdemo.dependsOnMethods" name="m5" time="0.002"/>
  <system-out/>
  <testcase classname="com.TestNGdemo.dependsOnMethods" name="m3" time="0.002"/>
  <system-out/>
  <testcase classname="com.TestNGdemo.dependsOnMethods" name="m2" time="0.002"/>
  <system-out/>
  <testcase classname="com.TestNGdemo.dependsOnMethods" name="m1" time="0.002"/>
  <system-out/>
</testsuite> <!-- com.TestNGdemo.dependsOnMethods -->
