<?xml version="1.0" encoding="UTF-8"?>
<!-- Generated by org.testng.reporters.JUnitReportReporter -->
<testsuite hostname="MSI" failures="0" tests="14" name="com.TestNGdemo.c.C" time="52.264" errors="0" timestamp="2022-10-08T18:49:05 IST" skipped="0">
  <testcase classname="com.TestNGdemo.c.C" name="m1" time="1.317"/>
  <system-out/>
  <testcase classname="com.TestNGdemo.c.C" name="m7" time="5.793"/>
  <system-out/>
  <testcase classname="com.TestNGdemo.c.C" name="m4" time="4.632"/>
  <system-out/>
  <testcase classname="com.TestNGdemo.c.C" name="m2" time="4.605"/>
  <system-out/>
  <testcase classname="com.TestNGdemo.c.C" name="m5" time="4.617"/>
  <system-out/>
  <testcase classname="com.TestNGdemo.c.C" name="m6" time="1.514"/>
  <system-out/>
  <testcase classname="com.TestNGdemo.c.C" name="m2" time="3.455"/>
  <system-out/>
  <testcase classname="com.TestNGdemo.c.C" name="m6" time="6.969"/>
  <system-out/>
  <testcase classname="com.TestNGdemo.c.C" name="m4" time="2.695"/>
  <system-out/>
  <testcase classname="com.TestNGdemo.c.C" name="m3" time="4.319"/>
  <system-out/>
  <testcase classname="com.TestNGdemo.c.C" name="m3" time="2.390"/>
  <system-out/>
  <testcase classname="com.TestNGdemo.c.C" name="m1" time="4.871"/>
  <system-out/>
  <testcase classname="com.TestNGdemo.c.C" name="m5" time="3.008"/>
  <system-out/>
  <testcase classname="com.TestNGdemo.c.C" name="m7" time="2.079"/>
  <system-out/>
</testsuite> <!-- com.TestNGdemo.c.C -->
