<?xml version="1.0" encoding="UTF-8"?>
<!-- Generated by org.testng.reporters.JUnitReportReporter -->
<testsuite hostname="MSI" failures="0" tests="5" name="com.dataPDemo.dataDemo" time="0.025" errors="0" timestamp="2022-10-08T21:39:27 IST" skipped="0">
  <testcase classname="com.dataPDemo.dataDemo" name="m1" time="0.001"/>
  <system-out/>
  <testcase classname="com.dataPDemo.dataDemo" name="m1" time="0.016"/>
  <system-out/>
  <testcase classname="com.dataPDemo.dataDemo" name="m1" time="0.003"/>
  <system-out/>
  <testcase classname="com.dataPDemo.dataDemo" name="m1" time="0.003"/>
  <system-out/>
  <testcase classname="com.dataPDemo.dataDemo" name="m1" time="0.002"/>
  <system-out/>
</testsuite> <!-- com.dataPDemo.dataDemo -->
