<?xml version="1.0" encoding="UTF-8"?>
<!-- Generated by org.testng.reporters.JUnitReportReporter -->
<testsuite hostname="MSI" failures="0" tests="1" name="com.TestNGdemo.First_testNGproject" time="9.446" errors="0" timestamp="2022-10-09T18:54:09 IST" skipped="0">
  <testcase classname="com.TestNGdemo.First_testNGproject" name="m1" time="9.446"/>
  <system-out/>
</testsuite> <!-- com.TestNGdemo.First_testNGproject -->
