<?xml version="1.0" encoding="UTF-8"?>
<!-- Generated by org.testng.reporters.JUnitReportReporter -->
<testsuite hostname="MSI" failures="0" tests="14" name="com.TestNGdemo.a.A" time="34.922" errors="0" timestamp="2022-10-08T18:49:05 IST" skipped="0">
  <testcase classname="com.TestNGdemo.a.A" name="m4" time="0.805"/>
  <system-out/>
  <testcase classname="com.TestNGdemo.a.A" name="m6" time="0.715"/>
  <system-out/>
  <testcase classname="com.TestNGdemo.a.A" name="m7" time="1.917"/>
  <system-out/>
  <testcase classname="com.TestNGdemo.a.A" name="m3" time="3.070"/>
  <system-out/>
  <testcase classname="com.TestNGdemo.a.A" name="m1" time="3.416"/>
  <system-out/>
  <testcase classname="com.TestNGdemo.a.A" name="m1" time="1.334"/>
  <system-out/>
  <testcase classname="com.TestNGdemo.a.A" name="m3" time="0.813"/>
  <system-out/>
  <testcase classname="com.TestNGdemo.a.A" name="m5" time="0.976"/>
  <system-out/>
  <testcase classname="com.TestNGdemo.a.A" name="m2" time="0.849"/>
  <system-out/>
  <testcase classname="com.TestNGdemo.a.A" name="m6" time="3.381"/>
  <system-out/>
  <testcase classname="com.TestNGdemo.a.A" name="m5" time="5.696"/>
  <system-out/>
  <testcase classname="com.TestNGdemo.a.A" name="m4" time="4.333"/>
  <system-out/>
  <testcase classname="com.TestNGdemo.a.A" name="m2" time="3.410"/>
  <system-out/>
  <testcase classname="com.TestNGdemo.a.A" name="m7" time="4.207"/>
  <system-out/>
</testsuite> <!-- com.TestNGdemo.a.A -->
